\BOOKMARK [1][-]{section.1}{\376\377\000H\000i\000s\000t\000o\000i\000r\000e\000\040\000d\000u\000\040\000D\000e\000e\000p\000\040\000L\000e\000a\000r\000n\000i\000n\000g}{}% 1
\BOOKMARK [2][-]{subsection.1.1}{\376\377\000A\000n\000n\000\351\000e\000s\000\040\0008\0000\000\040\000:\000\040\000L\000e\000N\000e\000t\000-\0005\000\040\000\050\000d\000\351\000j\000\340\000\040\000v\000u\000\040\000a\000u\000\040\000c\000o\000u\000r\000s\000\040\0002\000\051}{section.1}% 2
\BOOKMARK [2][-]{subsection.1.2}{\376\377\000A\000n\000n\000\351\000e\000s\000\040\0009\0000\000\040\000:\000\040\000h\000i\000v\000e\000r\000\040\000d\000u\000\040\000D\000e\000e\000p\000\040\000L\000e\000a\000r\000n\000i\000n\000g}{section.1}% 3
\BOOKMARK [2][-]{subsection.1.3}{\376\377\000A\000n\000n\000\351\000e\000s\000\040\0002\0000\0000\0000\000\040\000:\000\040\000S\000a\000c\000\040\000d\000e\000\040\000m\000o\000t\000s\000\040\000\050\000B\000o\000W\000\051}{section.1}% 4
\BOOKMARK [2][-]{subsection.1.4}{\376\377\0002\0000\0000\0006\000\040\000:\000\040\000r\000e\000n\000o\000u\000v\000e\000a\000u\000\040\000d\000u\000\040\000D\000e\000e\000p\000\040\000L\000e\000a\000r\000n\000i\000n\000g}{section.1}% 5
\BOOKMARK [2][-]{subsection.1.5}{\376\377\0002\0000\0001\0000\000\040\000:\000\040\000p\000e\000r\000c\000\351\000e\000\040\000e\000n\000\040\000r\000e\000c\000o\000n\000n\000a\000i\000s\000s\000a\000n\000c\000e\000\040\000v\000o\000c\000a\000l\000e}{section.1}% 6
\BOOKMARK [2][-]{subsection.1.6}{\376\377\0002\0000\0001\0002\000\040\000:\000\040\000l\000a\000\040\000r\000\351\000v\000o\000l\000u\000t\000i\000o\000n\000\040\000A\000l\000e\000x\000N\000e\000t}{section.1}% 7
\BOOKMARK [1][-]{section.2}{\376\377\000M\000o\000d\000u\000l\000e\000s\000\040\000m\000o\000d\000e\000r\000n\000e\000s\000\040\000d\000e\000s\000\040\000C\000N\000N}{}% 8
\BOOKMARK [2][-]{subsection.2.1}{\376\377\000N\000o\000n\000-\000l\000i\000n\000\351\000a\000r\000i\000t\000\351\000s}{section.2}% 9
\BOOKMARK [2][-]{subsection.2.2}{\376\377\000D\000a\000t\000a\000\040\000a\000u\000g\000m\000e\000n\000t\000a\000t\000i\000o\000n}{section.2}% 10
\BOOKMARK [2][-]{subsection.2.3}{\376\377\000D\000r\000o\000p\000o\000u\000t\000\040\000\050\000H\000i\000n\000t\000o\000n\000\040\000e\000t\000\040\000a\000l\000.\000,\000\040\0002\0000\0001\0002\000\051}{section.2}% 11
\BOOKMARK [2][-]{subsection.2.4}{\376\377\000P\000a\000d\000d\000i\000n\000g}{section.2}% 12
\BOOKMARK [2][-]{subsection.2.5}{\376\377\000O\000v\000e\000r\000l\000a\000p\000p\000i\000n\000g\000\040\000p\000o\000o\000l\000i\000n\000g}{section.2}% 13
\BOOKMARK [1][-]{section.3}{\376\377\000O\000u\000t\000i\000l\000s\000\040\000e\000t\000\040\000b\000i\000b\000l\000i\000o\000t\000h\000\350\000q\000u\000e\000s}{}% 14
\BOOKMARK [2][-]{subsection.3.1}{\376\377\000E\000x\000e\000m\000p\000l\000e\000\040\000K\000e\000r\000a\000s\000\040\000:\000\040\000r\000\351\000g\000r\000e\000s\000s\000i\000o\000n\000\040\000l\000o\000g\000i\000s\000t\000i\000q\000u\000e\000\040\000s\000u\000r\000\040\000M\000N\000I\000S\000T}{section.3}% 15
\BOOKMARK [2][-]{subsection.3.2}{\376\377\000E\000x\000e\000m\000p\000l\000e\000\040\000K\000e\000r\000a\000s\000\040\000:\000\040\000C\000N\000N}{section.3}% 16
\BOOKMARK [1][-]{section.4}{\376\377\000T\000r\000a\000n\000s\000f\000e\000r\000t\000\040\000d\000'\000a\000p\000p\000r\000e\000n\000t\000i\000s\000s\000a\000g\000e}{}% 17
\BOOKMARK [2][-]{subsection.4.1}{\376\377\000P\000r\000o\000b\000l\000\351\000m\000a\000t\000i\000q\000u\000e}{section.4}% 18
\BOOKMARK [2][-]{subsection.4.2}{\376\377\000D\000e\000e\000p\000\040\000F\000e\000a\000t\000u\000r\000e\000s\000\040\000\050\000t\000r\000a\000n\000s\000f\000e\000r\000t\000\040\000p\000u\000r\000\051}{section.4}% 19
\BOOKMARK [2][-]{subsection.4.3}{\376\377\000F\000i\000n\000e\000-\000t\000u\000n\000i\000n\000g}{section.4}% 20
\BOOKMARK [2][-]{subsection.4.4}{\376\377\000R\000\351\000s\000u\000l\000t\000a\000t\000s\000\040\000e\000x\000p\000\351\000r\000i\000m\000e\000n\000t\000a\000u\000x}{section.4}% 21
\BOOKMARK [2][-]{subsection.4.5}{\376\377\000A\000d\000a\000p\000t\000a\000t\000i\000o\000n\000\040\000d\000e\000\040\000t\000\342\000c\000h\000e}{section.4}% 22
\BOOKMARK [1][-]{section.5}{\376\377\000E\000n\000j\000e\000u\000x\000\040\000a\000c\000t\000u\000e\000l\000s\000\040\000e\000t\000\040\000p\000e\000r\000s\000p\000e\000c\000t\000i\000v\000e\000s}{}% 23
\BOOKMARK [2][-]{subsection.5.1}{\376\377\000A\000p\000p\000r\000e\000n\000t\000i\000s\000s\000a\000g\000e\000\040\000n\000o\000n\000\040\000s\000u\000p\000e\000r\000v\000i\000s\000\351}{section.5}% 24
\BOOKMARK [2][-]{subsection.5.2}{\376\377\000N\000o\000u\000v\000e\000l\000l\000e\000s\000\040\000t\000\342\000c\000h\000e\000s\000\040\000e\000n\000\040\000I\000A}{section.5}% 25
\BOOKMARK [2][-]{subsection.5.3}{\376\377\000L\000i\000m\000i\000t\000e\000s\000\040\000a\000c\000t\000u\000e\000l\000l\000e\000s}{section.5}% 26
\BOOKMARK [2][-]{subsection.5.4}{\376\377\000C\000o\000n\000c\000l\000u\000s\000i\000o\000n}{section.5}% 27
\BOOKMARK [1][-]{subsection.5.4}{\376\377\000Q\000u\000e\000s\000t\000i\000o\000n\000s\000\040\000c\000l\000\351\000s\000\040\000\050\000Q\000C\000M\000\051}{}% 28
