\BOOKMARK [1][-]{section.1}{\376\377\000P\000r\000\351\000s\000e\000n\000t\000a\000t\000i\000o\000n\000\040\000g\000\351\000n\000\351\000r\000a\000l\000e}{}% 1
\BOOKMARK [2][-]{subsection.1.1}{\376\377\000C\000o\000n\000t\000e\000x\000t\000e}{section.1}% 2
\BOOKMARK [2][-]{subsection.1.2}{\376\377\000R\000\351\000f\000\351\000r\000e\000n\000c\000e}{section.1}% 3
\BOOKMARK [1][-]{section.2}{\376\377\000P\000r\000o\000b\000l\000\350\000m\000e\000\040\000d\000u\000\040\000d\000\351\000s\000\351\000q\000u\000i\000l\000i\000b\000r\000e\000\040\000d\000e\000\040\000c\000l\000a\000s\000s\000e\000s}{}% 4
\BOOKMARK [2][-]{subsection.2.1}{\376\377\000C\000o\000n\000s\000\351\000q\000u\000e\000n\000c\000e\000s}{section.2}% 5
\BOOKMARK [2][-]{subsection.2.2}{\376\377\000R\000e\000m\000\350\000d\000e\000s\000\040\000t\000r\000a\000d\000i\000t\000i\000o\000n\000n\000e\000l\000s}{section.2}% 6
\BOOKMARK [1][-]{section.3}{\376\377\000L\000a\000\040\000m\000\351\000t\000h\000o\000d\000e\000\040\000R\000O\000S\000E}{}% 7
\BOOKMARK [2][-]{subsection.3.1}{\376\377\000A\000l\000g\000o\000r\000i\000t\000h\000m\000e}{section.3}% 8
\BOOKMARK [2][-]{subsection.3.2}{\376\377\000P\000r\000o\000p\000r\000i\000\351\000t\000\351\000s}{section.3}% 9
\BOOKMARK [2][-]{subsection.3.3}{\376\377\000R\000O\000S\000E\000\040\000p\000o\000u\000r\000\040\000l\000'\000\351\000v\000a\000l\000u\000a\000t\000i\000o\000n}{section.3}% 10
\BOOKMARK [2][-]{subsection.3.4}{\376\377\000A\000n\000a\000l\000y\000s\000e\000\040\000c\000r\000i\000t\000i\000q\000u\000e}{section.3}% 11
\BOOKMARK [1][-]{section.4}{\376\377\000I\000l\000l\000u\000s\000t\000r\000a\000t\000i\000o\000n\000s\000\040\000n\000u\000m\000\351\000r\000i\000q\000u\000e\000s}{}% 12
\BOOKMARK [2][-]{subsection.4.1}{\376\377\000D\000o\000n\000n\000\351\000e\000s\000\040\000h\000a\000c\000i\000d\000e}{section.4}% 13
\BOOKMARK [2][-]{subsection.4.2}{\376\377\000R\000\351\000s\000u\000l\000t\000a\000t\000s\000\040\000c\000o\000m\000p\000a\000r\000a\000t\000i\000f\000s}{section.4}% 14
\BOOKMARK [1][-]{section.5}{\376\377\000E\000x\000t\000r\000a\000i\000t\000s\000\040\000d\000e\000\040\000c\000o\000d\000e\000\040\000R}{}% 15
\BOOKMARK [2][-]{subsection.5.1}{\376\377\000I\000n\000s\000t\000a\000l\000l\000a\000t\000i\000o\000n\000\040\000e\000t\000\040\000c\000h\000a\000r\000g\000e\000m\000e\000n\000t}{section.5}% 16
\BOOKMARK [2][-]{subsection.5.2}{\376\377\000A\000r\000b\000r\000e\000\040\000n\000a\000\357\000f\000\040\000\050\000i\000g\000n\000o\000r\000a\000n\000t\000\040\000l\000e\000\040\000d\000\351\000s\000\351\000q\000u\000i\000l\000i\000b\000r\000e\000\051}{section.5}% 17
\BOOKMARK [2][-]{subsection.5.3}{\376\377\000S\000u\000r\000-\000\351\000c\000h\000a\000n\000t\000i\000l\000l\000o\000n\000n\000a\000g\000e\000\040\000\050\000o\000v\000u\000n\000.\000s\000a\000m\000p\000l\000e\000\051}{section.5}% 18
\BOOKMARK [2][-]{subsection.5.4}{\376\377\000M\000\351\000t\000h\000o\000d\000e\000\040\000R\000O\000S\000E}{section.5}% 19
\BOOKMARK [2][-]{subsection.5.5}{\376\377\000R\000O\000S\000E\000\040\000p\000o\000u\000r\000\040\000l\000'\000\351\000v\000a\000l\000u\000a\000t\000i\000o\000n}{section.5}% 20
\BOOKMARK [2][-]{subsection.5.6}{\376\377\000U\000t\000i\000l\000i\000s\000a\000t\000i\000o\000n\000\040\000d\000'\000u\000n\000\040\000c\000l\000a\000s\000s\000i\000f\000i\000e\000u\000r\000\040\000n\000o\000n\000-\000s\000t\000a\000n\000d\000a\000r\000d\000\040\000\050\000k\000-\000N\000N\000\051}{section.5}% 21
\BOOKMARK [1][-]{section.6}{\376\377\000C\000o\000n\000c\000l\000u\000s\000i\000o\000n}{}% 22
\BOOKMARK [1][-]{section.6}{\376\377\000Q\000u\000e\000s\000t\000i\000o\000n\000s\000\040\000c\000l\000\351\000s\000\040\000\050\000Q\000C\000M\000\051}{}% 23
