\BOOKMARK [1][-]{section.1}{\376\377\000C\000o\000n\000t\000e\000x\000t\000e}{}% 1
\BOOKMARK [1][-]{section.2}{\376\377\000L\000e\000\040\000n\000e\000u\000r\000o\000n\000e\000\040\000f\000o\000r\000m\000e\000l}{}% 2
\BOOKMARK [2][-]{subsection.2.1}{\376\377\000D\000\351\000f\000i\000n\000i\000t\000i\000o\000n\000\040\000\050\000M\000c\000C\000u\000l\000l\000o\000c\000h\000\040\000\046\000\040\000P\000i\000t\000t\000s\000,\000\040\0001\0009\0004\0003\000\051}{section.2}% 3
\BOOKMARK [2][-]{subsection.2.2}{\376\377\000F\000o\000n\000c\000t\000i\000o\000n\000s\000\040\000d\000'\000a\000c\000t\000i\000v\000a\000t\000i\000o\000n}{section.2}% 4
\BOOKMARK [2][-]{subsection.2.3}{\376\377\000C\000l\000a\000s\000s\000i\000f\000i\000c\000a\000t\000i\000o\000n\000\040\000b\000i\000n\000a\000i\000r\000e}{section.2}% 5
\BOOKMARK [1][-]{section.3}{\376\377\000L\000e\000\040\000p\000e\000r\000c\000e\000p\000t\000r\000o\000n}{}% 6
\BOOKMARK [2][-]{subsection.3.1}{\376\377\000C\000l\000a\000s\000s\000i\000f\000i\000c\000a\000t\000i\000o\000n\000\040\000m\000u\000l\000t\000i\000c\000l\000a\000s\000s\000e}{section.3}% 7
\BOOKMARK [2][-]{subsection.3.2}{\376\377\000S\000o\000f\000t\000m\000a\000x}{section.3}% 8
\BOOKMARK [2][-]{subsection.3.3}{\376\377\000L\000i\000m\000i\000t\000e\000\040\000d\000e\000\040\000l\000a\000\040\000c\000l\000a\000s\000s\000i\000f\000i\000c\000a\000t\000i\000o\000n\000\040\000l\000i\000n\000\351\000a\000i\000r\000e}{section.3}% 9
\BOOKMARK [1][-]{section.4}{\376\377\000P\000e\000r\000c\000e\000p\000t\000r\000o\000n\000\040\000m\000u\000l\000t\000i\000c\000o\000u\000c\000h\000e\000\040\000\050\000M\000L\000P\000\051}{}% 10
\BOOKMARK [2][-]{subsection.4.1}{\376\377\000A\000r\000c\000h\000i\000t\000e\000c\000t\000u\000r\000e}{section.4}% 11
\BOOKMARK [2][-]{subsection.4.2}{\376\377\000R\000\351\000s\000e\000a\000u\000x\000\040\000p\000r\000o\000f\000o\000n\000d\000s\000\040\000\050\000D\000N\000N\000\051}{section.4}% 12
\BOOKMARK [1][-]{section.5}{\376\377\000A\000p\000p\000r\000e\000n\000t\000i\000s\000s\000a\000g\000e}{}% 13
\BOOKMARK [2][-]{subsection.5.1}{\376\377\000A\000p\000p\000r\000e\000n\000t\000i\000s\000s\000a\000g\000e\000\040\000s\000u\000p\000e\000r\000v\000i\000s\000\351}{section.5}% 14
\BOOKMARK [2][-]{subsection.5.2}{\376\377\000F\000o\000n\000c\000t\000i\000o\000n\000\040\000d\000e\000\040\000p\000e\000r\000t\000e\000\040\000:\000\040\000e\000n\000t\000r\000o\000p\000i\000e\000\040\000c\000r\000o\000i\000s\000\351\000e}{section.5}% 15
\BOOKMARK [2][-]{subsection.5.3}{\376\377\000D\000e\000s\000c\000e\000n\000t\000e\000\040\000d\000e\000\040\000g\000r\000a\000d\000i\000e\000n\000t}{section.5}% 16
\BOOKMARK [2][-]{subsection.5.4}{\376\377\000R\000\351\000t\000r\000o\000p\000r\000o\000p\000a\000g\000a\000t\000i\000o\000n\000\040\000\050\000b\000a\000c\000k\000p\000r\000o\000p\000a\000g\000a\000t\000i\000o\000n\000\051}{section.5}% 17
\BOOKMARK [2][-]{subsection.5.5}{\376\377\000D\000e\000s\000c\000e\000n\000t\000e\000\040\000d\000e\000\040\000g\000r\000a\000d\000i\000e\000n\000t\000\040\000s\000t\000o\000c\000h\000a\000s\000t\000i\000q\000u\000e\000\040\000\050\000S\000G\000D\000\051}{section.5}% 18
\BOOKMARK [2][-]{subsection.5.6}{\376\377\000P\000l\000a\000n\000\040\000d\000e\000\040\000t\000a\000u\000x\000\040\000d\000'\000a\000p\000p\000r\000e\000n\000t\000i\000s\000s\000a\000g\000e\000\040\000\050\000l\000e\000a\000r\000n\000i\000n\000g\000\040\000r\000a\000t\000e\000\040\000d\000e\000c\000a\000y\000\051}{section.5}% 19
\BOOKMARK [1][-]{section.6}{\376\377\000R\000\351\000g\000u\000l\000a\000r\000i\000s\000a\000t\000i\000o\000n\000\040\000e\000t\000\040\000g\000\351\000n\000\351\000r\000a\000l\000i\000s\000a\000t\000i\000o\000n}{}% 20
\BOOKMARK [2][-]{subsection.6.1}{\376\377\000S\000u\000r\000-\000a\000p\000p\000r\000e\000n\000t\000i\000s\000s\000a\000g\000e\000\040\000\050\000o\000v\000e\000r\000f\000i\000t\000t\000i\000n\000g\000\051}{section.6}% 21
\BOOKMARK [2][-]{subsection.6.2}{\376\377\000R\000\351\000g\000u\000l\000a\000r\000i\000s\000a\000t\000i\000o\000n}{section.6}% 22
\BOOKMARK [2][-]{subsection.6.3}{\376\377\000H\000y\000p\000e\000r\000-\000p\000a\000r\000a\000m\000\350\000t\000r\000e\000s}{section.6}% 23
\BOOKMARK [1][-]{subsection.6.3}{\376\377\000Q\000u\000e\000s\000t\000i\000o\000n\000s\000\040\000c\000l\000\351\000s\000\040\000\050\000Q\000C\000M\000\051}{}% 24
