\BOOKMARK [1][-]{section.1}{\376\377\000P\000r\000\351\000s\000e\000n\000t\000a\000t\000i\000o\000n}{}% 1
\BOOKMARK [1][-]{section.2}{\376\377\000B\000a\000g\000g\000i\000n\000g}{}% 2
\BOOKMARK [2][-]{subsection.2.1}{\376\377\000P\000r\000i\000n\000c\000i\000p\000e}{section.2}% 3
\BOOKMARK [2][-]{subsection.2.2}{\376\377\000P\000r\000o\000p\000r\000i\000\351\000t\000\351\000s}{section.2}% 4
\BOOKMARK [2][-]{subsection.2.3}{\376\377\000E\000r\000r\000e\000u\000r\000\040\000O\000O\000B}{section.2}% 5
\BOOKMARK [2][-]{subsection.2.4}{\376\377\000V\000o\000t\000e\000\040\000m\000a\000j\000o\000r\000i\000t\000a\000i\000r\000e}{section.2}% 6
\BOOKMARK [1][-]{section.3}{\376\377\000F\000o\000r\000\352\000t\000s\000\040\000a\000l\000\351\000a\000t\000o\000i\000r\000e\000s}{}% 7
\BOOKMARK [2][-]{subsection.3.1}{\376\377\000P\000r\000i\000n\000c\000i\000p\000e}{section.3}% 8
\BOOKMARK [2][-]{subsection.3.2}{\376\377\000C\000h\000o\000i\000x\000\040\000d\000e\000s\000\040\000h\000y\000p\000e\000r\000p\000a\000r\000a\000m\000\350\000t\000r\000e\000s}{section.3}% 9
\BOOKMARK [2][-]{subsection.3.3}{\376\377\000I\000m\000p\000o\000r\000t\000a\000n\000c\000e\000\040\000d\000e\000s\000\040\000v\000a\000r\000i\000a\000b\000l\000e\000s}{section.3}% 10
\BOOKMARK [1][-]{section.4}{\376\377\000B\000o\000o\000s\000t\000i\000n\000g}{}% 11
\BOOKMARK [2][-]{subsection.4.1}{\376\377\000P\000r\000i\000n\000c\000i\000p\000e\000\040\000g\000\351\000n\000\351\000r\000a\000l}{section.4}% 12
\BOOKMARK [2][-]{subsection.4.2}{\376\377\000A\000d\000a\000B\000o\000o\000s\000t}{section.4}% 13
\BOOKMARK [2][-]{subsection.4.3}{\376\377\000G\000r\000a\000d\000i\000e\000n\000t\000\040\000B\000o\000o\000s\000t\000i\000n\000g}{section.4}% 14
\BOOKMARK [2][-]{subsection.4.4}{\376\377\000X\000G\000B\000o\000o\000s\000t\000,\000\040\000L\000i\000g\000h\000t\000G\000B\000M\000,\000\040\000C\000a\000t\000B\000o\000o\000s\000t}{section.4}% 15
\BOOKMARK [1][-]{section.5}{\376\377\000S\000t\000a\000c\000k\000i\000n\000g}{}% 16
\BOOKMARK [2][-]{subsection.5.1}{\376\377\000P\000r\000i\000n\000c\000i\000p\000e}{section.5}% 17
\BOOKMARK [2][-]{subsection.5.2}{\376\377\000P\000r\000o\000c\000\351\000d\000u\000r\000e}{section.5}% 18
\BOOKMARK [2][-]{subsection.5.3}{\376\377\000C\000h\000o\000i\000x\000\040\000d\000u\000\040\000m\000\351\000t\000a\000-\000m\000o\000d\000\350\000l\000e}{section.5}% 19
\BOOKMARK [1][-]{section.6}{\376\377\000C\000o\000m\000p\000a\000r\000a\000i\000s\000o\000n\000\040\000d\000e\000s\000\040\000m\000\351\000t\000h\000o\000d\000e\000s}{}% 20
\BOOKMARK [1][-]{section.7}{\376\377\000C\000o\000d\000e\000\040\000P\000y\000t\000h\000o\000n}{}% 21
\BOOKMARK [1][-]{section.8}{\376\377\000C\000o\000d\000e\000\040\000R}{}% 22
\BOOKMARK [1][-]{section.9}{\376\377\000Q\000C\000M}{}% 23
