\BOOKMARK [1][-]{section.1}{\376\377\000P\000r\000\351\000s\000e\000n\000t\000a\000t\000i\000o\000n}{}% 1
\BOOKMARK [1][-]{section.2}{\376\377\000A\000r\000c\000h\000i\000t\000e\000c\000t\000u\000r\000e}{}% 2
\BOOKMARK [1][-]{section.3}{\376\377\000A\000l\000g\000o\000r\000i\000t\000h\000m\000e}{}% 3
\BOOKMARK [2][-]{subsection.3.1}{\376\377\000P\000r\000i\000n\000c\000i\000p\000e\000\040\000g\000\351\000n\000\351\000r\000a\000l}{section.3}% 4
\BOOKMARK [2][-]{subsection.3.2}{\376\377\000N\000o\000t\000a\000t\000i\000o\000n\000s}{section.3}% 5
\BOOKMARK [2][-]{subsection.3.3}{\376\377\000\311\000t\000a\000p\000e\000\040\0001\000\040\040\024\000\040\000I\000n\000i\000t\000i\000a\000l\000i\000s\000a\000t\000i\000o\000n}{section.3}% 6
\BOOKMARK [2][-]{subsection.3.4}{\376\377\000\311\000t\000a\000p\000e\000\040\0002\000\040\040\024\000\040\000R\000e\000c\000h\000e\000r\000c\000h\000e\000\040\000d\000u\000\040\000B\000M\000U\000\040\000\050\000B\000e\000s\000t\000\040\000M\000a\000t\000c\000h\000i\000n\000g\000\040\000U\000n\000i\000t\000\051}{section.3}% 7
\BOOKMARK [2][-]{subsection.3.5}{\376\377\000\311\000t\000a\000p\000e\000\040\0003\000\040\040\024\000\040\000M\000i\000s\000e\000\040\000\340\000\040\000j\000o\000u\000r\000\040\000d\000e\000s\000\040\000p\000o\000i\000d\000s}{section.3}% 8
\BOOKMARK [2][-]{subsection.3.6}{\376\377\000F\000o\000n\000c\000t\000i\000o\000n\000\040\000d\000e\000\040\000v\000o\000i\000s\000i\000n\000a\000g\000e}{section.3}% 9
\BOOKMARK [2][-]{subsection.3.7}{\376\377\000P\000l\000a\000n\000\040\000d\000e\000\040\000d\000\351\000c\000r\000o\000i\000s\000s\000a\000n\000c\000e}{section.3}% 10
\BOOKMARK [2][-]{subsection.3.8}{\376\377\000P\000s\000e\000u\000d\000o\000-\000c\000o\000d\000e}{section.3}% 11
\BOOKMARK [1][-]{section.4}{\376\377\000E\000x\000e\000m\000p\000l\000e\000\040\000n\000u\000m\000\351\000r\000i\000q\000u\000e\000\040\000p\000a\000s\000\040\000\340\000\040\000p\000a\000s}{}% 12
\BOOKMARK [2][-]{subsection.4.1}{\376\377\000D\000o\000n\000n\000\351\000e\000s}{section.4}% 13
\BOOKMARK [2][-]{subsection.4.2}{\376\377\000A\000r\000c\000h\000i\000t\000e\000c\000t\000u\000r\000e}{section.4}% 14
\BOOKMARK [2][-]{subsection.4.3}{\376\377\000I\000n\000i\000t\000i\000a\000l\000i\000s\000a\000t\000i\000o\000n}{section.4}% 15
\BOOKMARK [2][-]{subsection.4.4}{\376\377\000I\000t\000\351\000r\000a\000t\000i\000o\000n\000\040\0001\000\040\040\024\000\040\000I\000n\000d\000i\000v\000i\000d\000u\000\040\000x\000\050\0001\000\051\000\040\000=\000\040\000\050\0000\000,\0002\000;\0000\000,\0003\000\051}{section.4}% 16
\BOOKMARK [2][-]{subsection.4.5}{\376\377\000I\000t\000\351\000r\000a\000t\000i\000o\000n\000\040\0001\000\040\040\024\000\040\000I\000n\000d\000i\000v\000i\000d\000u\000\040\000x\000\050\0002\000\051\000\040\000=\000\040\000\050\0000\000,\0001\000;\0000\000,\0008\000\051}{section.4}% 17
\BOOKMARK [2][-]{subsection.4.6}{\376\377\000I\000t\000\351\000r\000a\000t\000i\000o\000n\000\040\0001\000\040\040\024\000\040\000I\000n\000d\000i\000v\000i\000d\000u\000\040\000x\000\050\0003\000\051\000\040\000=\000\040\000\050\0000\000,\0007\000;\0000\000,\0002\000\051}{section.4}% 18
\BOOKMARK [2][-]{subsection.4.7}{\376\377\000I\000t\000\351\000r\000a\000t\000i\000o\000n\000\040\0001\000\040\040\024\000\040\000I\000n\000d\000i\000v\000i\000d\000u\000\040\000x\000\050\0004\000\051\000\040\000=\000\040\000\050\0000\000,\0009\000;\0000\000,\0007\000\051}{section.4}% 19
\BOOKMARK [2][-]{subsection.4.8}{\376\377\000I\000n\000t\000e\000r\000p\000r\000\351\000t\000a\000t\000i\000o\000n}{section.4}% 20
\BOOKMARK [1][-]{section.5}{\376\377\000C\000o\000d\000e\000\040\000P\000y\000t\000h\000o\000n}{}% 21
\BOOKMARK [2][-]{subsection.5.1}{\376\377\000I\000m\000p\000l\000\351\000m\000e\000n\000t\000a\000t\000i\000o\000n\000\040\000s\000i\000m\000p\000l\000e\000\040\000a\000v\000e\000c\000\040\000N\000u\000m\000P\000y}{section.5}% 22
\BOOKMARK [2][-]{subsection.5.2}{\376\377\000A\000p\000p\000l\000i\000c\000a\000t\000i\000o\000n\000\040\000s\000u\000r\000\040\000l\000e\000\040\000j\000e\000u\000\040\000d\000e\000\040\000d\000o\000n\000n\000\351\000e\000s\000\040\000I\000r\000i\000s}{section.5}% 23
\BOOKMARK [2][-]{subsection.5.3}{\376\377\000A\000v\000e\000c\000\040\000l\000a\000\040\000b\000i\000b\000l\000i\000o\000t\000h\000\350\000q\000u\000e\000\040\000M\000i\000n\000i\000S\000o\000m}{section.5}% 24
\BOOKMARK [1][-]{section.6}{\376\377\000C\000o\000d\000e\000\040\000R}{}% 25
\BOOKMARK [1][-]{section.7}{\376\377\000D\000i\000a\000g\000n\000o\000s\000t\000i\000c\000\040\000e\000t\000\040\000v\000i\000s\000u\000a\000l\000i\000s\000a\000t\000i\000o\000n\000s}{}% 26
\BOOKMARK [2][-]{subsection.7.1}{\376\377\000U\000-\000M\000a\000t\000r\000i\000x\000\040\000\050\000U\000n\000i\000f\000i\000e\000d\000\040\000D\000i\000s\000t\000a\000n\000c\000e\000\040\000M\000a\000t\000r\000i\000x\000\051}{section.7}% 27
\BOOKMARK [2][-]{subsection.7.2}{\376\377\000C\000a\000r\000t\000e\000\040\000d\000e\000s\000\040\000e\000f\000f\000e\000c\000t\000i\000f\000s\000\040\000\050\000c\000o\000u\000n\000t\000s\000\051}{section.7}% 28
\BOOKMARK [2][-]{subsection.7.3}{\376\377\000P\000l\000a\000n\000s\000\040\000d\000e\000\040\000c\000o\000m\000p\000o\000s\000a\000n\000t\000e\000s\000\040\000\050\000c\000o\000m\000p\000o\000n\000e\000n\000t\000\040\000p\000l\000a\000n\000e\000s\000\051}{section.7}% 29
\BOOKMARK [2][-]{subsection.7.4}{\376\377\000C\000a\000r\000t\000e\000\040\000d\000e\000\040\000q\000u\000a\000l\000i\000t\000\351}{section.7}% 30
\BOOKMARK [1][-]{section.8}{\376\377\000R\000\351\000s\000u\000m\000\351\000\040\040\024\000\040\000P\000o\000i\000n\000t\000s\000\040\000c\000l\000\351\000s}{}% 31
