\BOOKMARK [1][-]{section.1}{\376\377\000C\000o\000n\000t\000e\000x\000t\000e\000\040\000e\000t\000\040\000p\000a\000n\000o\000r\000a\000m\000a}{}% 1
\BOOKMARK [1][-]{section.2}{\376\377\000C\000l\000a\000s\000s\000i\000f\000i\000c\000a\000t\000i\000o\000n\000\040\000d\000e\000s\000\040\000i\000n\000d\000i\000v\000i\000d\000u\000s}{}% 2
\BOOKMARK [2][-]{subsection.2.1}{\376\377\000M\000\351\000t\000h\000o\000d\000e\000s\000\040\000d\000e\000\040\000p\000a\000r\000t\000i\000t\000i\000o\000n\000n\000e\000m\000e\000n\000t}{section.2}% 3
\BOOKMARK [3][-]{subsubsection.2.1.1}{\376\377\000K\000-\000m\000e\000a\000n\000s}{subsection.2.1}% 4
\BOOKMARK [3][-]{subsubsection.2.1.2}{\376\377\000P\000a\000r\000t\000i\000t\000i\000o\000n\000n\000e\000m\000e\000n\000t\000\040\000a\000u\000t\000o\000u\000r\000\040\000d\000e\000s\000\040\000m\000\351\000d\000o\000\357\000d\000e\000s\000\040\000\050\000P\000A\000M\000\051}{subsection.2.1}% 5
\BOOKMARK [2][-]{subsection.2.2}{\376\377\000M\000\351\000t\000h\000o\000d\000e\000s\000\040\000h\000i\000\351\000r\000a\000r\000c\000h\000i\000q\000u\000e\000s}{section.2}% 6
\BOOKMARK [3][-]{subsubsection.2.2.1}{\376\377\000C\000A\000H\000\040\000\050\000C\000l\000a\000s\000s\000i\000f\000i\000c\000a\000t\000i\000o\000n\000\040\000A\000s\000c\000e\000n\000d\000a\000n\000t\000e\000\040\000H\000i\000\351\000r\000a\000r\000c\000h\000i\000q\000u\000e\000\051}{subsection.2.2}% 7
\BOOKMARK [3][-]{subsubsection.2.2.2}{\376\377\000M\000\351\000t\000h\000o\000d\000e\000\040\000d\000i\000v\000i\000s\000i\000v\000e}{subsection.2.2}% 8
\BOOKMARK [2][-]{subsection.2.3}{\376\377\000C\000h\000o\000i\000x\000\040\000d\000u\000\040\000n\000o\000m\000b\000r\000e\000\040\000d\000e\000\040\000g\000r\000o\000u\000p\000e\000s}{section.2}% 9
\BOOKMARK [1][-]{section.3}{\376\377\000C\000l\000a\000s\000s\000i\000f\000i\000c\000a\000t\000i\000o\000n\000\040\000d\000e\000\040\000v\000a\000r\000i\000a\000b\000l\000e\000s}{}% 10
\BOOKMARK [2][-]{subsection.3.1}{\376\377\000M\000e\000s\000u\000r\000e\000s\000\040\000d\000e\000\040\000s\000i\000m\000i\000l\000a\000r\000i\000t\000\351\000\040\000e\000n\000t\000r\000e\000\040\000v\000a\000r\000i\000a\000b\000l\000e\000s}{section.3}% 11
\BOOKMARK [2][-]{subsection.3.2}{\376\377\000A\000p\000p\000l\000i\000c\000a\000t\000i\000o\000n}{section.3}% 12
\BOOKMARK [1][-]{section.4}{\376\377\000R\000e\000c\000h\000e\000r\000c\000h\000e\000\040\000d\000e\000\040\000r\000\350\000g\000l\000e\000s\000\040\000d\000'\000a\000s\000s\000o\000c\000i\000a\000t\000i\000o\000n}{}% 13
\BOOKMARK [2][-]{subsection.4.1}{\376\377\000D\000\351\000f\000i\000n\000i\000t\000i\000o\000n\000s}{section.4}% 14
\BOOKMARK [2][-]{subsection.4.2}{\376\377\000A\000l\000g\000o\000r\000i\000t\000h\000m\000e\000\040\000A\000p\000r\000i\000o\000r\000i}{section.4}% 15
\BOOKMARK [2][-]{subsection.4.3}{\376\377\000Q\000u\000a\000l\000i\000t\000\351\000\040\000d\000e\000s\000\040\000r\000\350\000g\000l\000e\000s}{section.4}% 16
\BOOKMARK [1][-]{section.5}{\376\377\000A\000n\000a\000l\000y\000s\000e\000\040\000f\000a\000c\000t\000o\000r\000i\000e\000l\000l\000e}{}% 17
\BOOKMARK [2][-]{subsection.5.1}{\376\377\000M\000\351\000t\000h\000o\000d\000e\000s\000\040\000c\000l\000a\000s\000s\000i\000q\000u\000e\000s}{section.5}% 18
\BOOKMARK [2][-]{subsection.5.2}{\376\377\000U\000t\000i\000l\000i\000t\000\351\000\040\000e\000n\000\040\000p\000r\000\351\000-\000t\000r\000a\000i\000t\000e\000m\000e\000n\000t}{section.5}% 19
\BOOKMARK [2][-]{subsection.5.3}{\376\377\000M\000\351\000t\000h\000o\000d\000e\000s\000\040\000m\000u\000l\000t\000i\000-\000b\000l\000o\000c\000s}{section.5}% 20
\BOOKMARK [1][-]{section.6}{\376\377\000C\000a\000r\000t\000e\000s\000\040\000d\000e\000\040\000K\000o\000h\000o\000n\000e\000n\000\040\000\050\000S\000O\000M\000\051}{}% 21
\BOOKMARK [2][-]{subsection.6.1}{\376\377\000P\000r\000i\000n\000c\000i\000p\000e}{section.6}% 22
\BOOKMARK [2][-]{subsection.6.2}{\376\377\000F\000o\000n\000c\000t\000i\000o\000n\000\040\000d\000e\000\040\000v\000o\000i\000s\000i\000n\000a\000g\000e}{section.6}% 23
\BOOKMARK [1][-]{section.7}{\376\377\000C\000o\000n\000c\000l\000u\000s\000i\000o\000n}{}% 24
\BOOKMARK [1][-]{section.7}{\376\377\000Q\000u\000e\000s\000t\000i\000o\000n\000s\000\040\000c\000l\000\351\000s\000\040\000\050\000Q\000C\000M\000\051}{}% 25
