\BOOKMARK [1][-]{section.1}{\376\377\000C\000o\000n\000t\000e\000x\000t\000e}{}% 1
\BOOKMARK [1][-]{section.2}{\376\377\000P\000r\000i\000n\000c\000i\000p\000e}{}% 2
\BOOKMARK [1][-]{section.3}{\376\377\000C\000o\000n\000s\000t\000r\000u\000c\000t\000i\000o\000n\000\040\000d\000e\000s\000\040\000a\000r\000b\000r\000e\000s\000\040\000a\000u\000\040\000h\000a\000s\000a\000r\000d}{}% 3
\BOOKMARK [2][-]{subsection.3.1}{\376\377\000A\000l\000g\000o\000r\000i\000t\000h\000m\000e\000\040\000d\000e\000\040\000c\000o\000n\000s\000t\000r\000u\000c\000t\000i\000o\000n\000\040\000d\000'\000u\000n\000\040\000a\000r\000b\000r\000e}{section.3}% 4
\BOOKMARK [2][-]{subsection.3.2}{\376\377\000S\000o\000u\000s\000-\000\351\000c\000h\000a\000n\000t\000i\000l\000l\000o\000n\000n\000a\000g\000e\000\040\000e\000t\000\040\000e\000f\000f\000e\000t\000\040\000d\000e\000\040\000m\000a\000s\000q\000u\000e}{section.3}% 5
\BOOKMARK [2][-]{subsection.3.3}{\376\377\000F\000o\000r\000\352\000t}{section.3}% 6
\BOOKMARK [1][-]{section.4}{\376\377\000C\000a\000l\000c\000u\000l\000\040\000d\000u\000\040\000s\000c\000o\000r\000e}{}% 7
\BOOKMARK [2][-]{subsection.4.1}{\376\377\000P\000r\000o\000f\000o\000n\000d\000e\000u\000r\000\040\000d\000'\000i\000s\000o\000l\000e\000m\000e\000n\000t}{section.4}% 8
\BOOKMARK [2][-]{subsection.4.2}{\376\377\000N\000o\000r\000m\000a\000l\000i\000s\000a\000t\000i\000o\000n\000\040\000p\000a\000r\000\040\000c\000\050\000n\000\051}{section.4}% 9
\BOOKMARK [2][-]{subsection.4.3}{\376\377\000S\000c\000o\000r\000e\000\040\000d\000'\000a\000n\000o\000m\000a\000l\000i\000e}{section.4}% 10
\BOOKMARK [1][-]{section.5}{\376\377\000P\000a\000r\000a\000m\000\351\000t\000r\000a\000g\000e}{}% 11
\BOOKMARK [2][-]{subsection.5.1}{\376\377\000N\000o\000m\000b\000r\000e\000\040\000d\000'\000a\000r\000b\000r\000e\000s\000\040\000\050\000B\000\051}{section.5}% 12
\BOOKMARK [2][-]{subsection.5.2}{\376\377\000T\000a\000i\000l\000l\000e\000\040\000d\000u\000\040\000s\000o\000u\000s\000-\000\351\000c\000h\000a\000n\000t\000i\000l\000l\000o\000n}{section.5}% 13
\BOOKMARK [2][-]{subsection.5.3}{\376\377\000S\000e\000u\000i\000l\000l\000a\000g\000e\000\040\000d\000e\000s\000\040\000s\000c\000o\000r\000e\000s}{section.5}% 14
\BOOKMARK [1][-]{section.6}{\376\377\000A\000p\000p\000l\000i\000c\000a\000t\000i\000o\000n\000\040\000a\000u\000x\000\040\000d\000o\000n\000n\000\351\000e\000s\000\040\000G\000e\000r\000m\000a\000n\000\040\000C\000r\000e\000d\000i\000t}{}% 15
\BOOKMARK [2][-]{subsection.6.1}{\376\377\000C\000h\000a\000r\000g\000e\000m\000e\000n\000t\000\040\000e\000t\000\040\000i\000m\000p\000o\000r\000t\000a\000t\000i\000o\000n}{section.6}% 16
\BOOKMARK [2][-]{subsection.6.2}{\376\377\000C\000o\000n\000s\000t\000r\000u\000c\000t\000i\000o\000n\000\040\000d\000u\000\040\000m\000o\000d\000\350\000l\000e}{section.6}% 17
\BOOKMARK [2][-]{subsection.6.3}{\376\377\000S\000t\000a\000b\000i\000l\000i\000s\000a\000t\000i\000o\000n\000\040\000d\000e\000s\000\040\000s\000c\000o\000r\000e\000s}{section.6}% 18
\BOOKMARK [2][-]{subsection.6.4}{\376\377\000S\000e\000u\000i\000l\000l\000a\000g\000e\000\040\000e\000t\000\040\000i\000d\000e\000n\000t\000i\000f\000i\000c\000a\000t\000i\000o\000n}{section.6}% 19
\BOOKMARK [2][-]{subsection.6.5}{\376\377\000P\000o\000s\000t\000-\000a\000n\000a\000l\000y\000s\000e}{section.6}% 20
\BOOKMARK [1][-]{section.7}{\376\377\000C\000o\000n\000c\000l\000u\000s\000i\000o\000n}{}% 21
\BOOKMARK [1][-]{section.7}{\376\377\000Q\000u\000e\000s\000t\000i\000o\000n\000s\000\040\000c\000l\000\351\000s\000\040\000\050\000Q\000C\000M\000\051}{}% 22
